<?xml version="1.0" encoding="UTF-8"?>
<testsuite name="MaximumVariableTest" tests="6" skipped="0" failures="0" errors="0" timestamp="2020-02-28T12:35:37" hostname="admin1-Vostro-3580" time="0.003">
  <properties/>
  <testcase name="whenGivenThreeIntegers_shouldReturnFirstVariableMaximum" classname="MaximumVariableTest" time="0.001"/>
  <testcase name="whenGivenThreeIntegers_shouldReturnSecondVariableMaximum" classname="MaximumVariableTest" time="0.0"/>
  <testcase name="whenGivenThreeFloat_shouldReturnThirdVariableMaximum" classname="MaximumVariableTest" time="0.0"/>
  <testcase name="whenGivenThreeIntegers_shouldReturnThirdVariableMaximum" classname="MaximumVariableTest" time="0.0"/>
  <testcase name="whenGivenThreeFloat_shouldReturnFirstValueMaximum" classname="MaximumVariableTest" time="0.001"/>
  <testcase name="whenGivenThreeFloat_shouldReturnSecondValueMaximum" classname="MaximumVariableTest" time="0.0"/>
  <system-out><![CDATA[]]></system-out>
  <system-err><![CDATA[]]></system-err>
</testsuite>
